<?xml version="1.0" encoding="UTF-8"?>
<testng-results ignored="0" total="1" passed="1" failed="0" skipped="0">
  <reporter-output>
  </reporter-output>
  <suite started-at="2022-05-22T23:26:11 IST" name="Default suite" finished-at="2022-05-22T23:26:19 IST" duration-ms="8212">
    <groups>
    </groups>
    <test started-at="2022-05-22T23:26:11 IST" name="Default test" finished-at="2022-05-22T23:26:19 IST" duration-ms="8212">
      <class name="project12.TestNg1">
        <test-method is-config="true" signature="openthebrowser()[pri:0, instance:project12.TestNg1@2667f029]" started-at="2022-05-22T23:26:11 IST" name="openthebrowser" finished-at="2022-05-22T23:26:14 IST" duration-ms="3454" status="PASS">
          <reporter-output>
          </reporter-output>
        </test-method> <!-- openthebrowser -->
        <test-method is-config="true" signature="launchthebrowser()[pri:0, instance:project12.TestNg1@2667f029]" started-at="2022-05-22T23:26:15 IST" name="launchthebrowser" finished-at="2022-05-22T23:26:17 IST" duration-ms="2642" status="PASS">
          <reporter-output>
          </reporter-output>
        </test-method> <!-- launchthebrowser -->
        <test-method signature="verifyrentmodule()[pri:0, instance:project12.TestNg1@2667f029]" started-at="2022-05-22T23:26:17 IST" name="verifyrentmodule" finished-at="2022-05-22T23:26:19 IST" duration-ms="1840" status="PASS">
          <reporter-output>
          </reporter-output>
        </test-method> <!-- verifyrentmodule -->
        <test-method is-config="true" signature="closetheapplication()[pri:0, instance:project12.TestNg1@2667f029]" started-at="2022-05-22T23:26:19 IST" name="closetheapplication" finished-at="2022-05-22T23:26:19 IST" duration-ms="0" status="PASS">
          <reporter-output>
          </reporter-output>
        </test-method> <!-- closetheapplication -->
        <test-method is-config="true" signature="closethebrowser()[pri:0, instance:project12.TestNg1@2667f029]" started-at="2022-05-22T23:26:19 IST" name="closethebrowser" finished-at="2022-05-22T23:26:19 IST" duration-ms="147" status="PASS">
          <reporter-output>
          </reporter-output>
        </test-method> <!-- closethebrowser -->
      </class> <!-- project12.TestNg1 -->
    </test> <!-- Default test -->
  </suite> <!-- Default suite -->
</testng-results>
